<?xml version="1.0" encoding="UTF-8"?>
<testng-results ignored="0" total="1" passed="1" failed="0" skipped="0">
  <reporter-output>
  </reporter-output>
  <suite started-at="2024-02-27T20:23:19 EST" name="Surefire suite" finished-at="2024-02-27T20:23:29 EST" duration-ms="9952">
    <groups>
    </groups>
    <test started-at="2024-02-27T20:23:19 EST" name="Surefire test" finished-at="2024-02-27T20:23:29 EST" duration-ms="9952">
      <class name="com.webstaurantstore.tests.TableTest">
        <test-method is-config="true" signature="setUp()[pri:0, instance:com.webstaurantstore.tests.TableTest@1460a8c0]" started-at="2024-02-27T20:23:19 EST" name="setUp" finished-at="2024-02-27T20:23:21 EST" duration-ms="2101" status="PASS">
          <reporter-output>
          </reporter-output>
        </test-method> <!-- setUp -->
        <test-method signature="testWebstaurantStore()[pri:0, instance:com.webstaurantstore.tests.TableTest@1460a8c0]" started-at="2024-02-27T20:23:21 EST" name="testWebstaurantStore" finished-at="2024-02-27T20:23:29 EST" duration-ms="7630" status="PASS">
          <reporter-output>
          </reporter-output>
        </test-method> <!-- testWebstaurantStore -->
        <test-method is-config="true" signature="tearDown()[pri:0, instance:com.webstaurantstore.tests.TableTest@1460a8c0]" started-at="2024-02-27T20:23:29 EST" name="tearDown" finished-at="2024-02-27T20:23:29 EST" duration-ms="191" status="PASS">
          <reporter-output>
          </reporter-output>
        </test-method> <!-- tearDown -->
      </class> <!-- com.webstaurantstore.tests.TableTest -->
    </test> <!-- Surefire test -->
  </suite> <!-- Surefire suite -->
</testng-results>
